#-----------------------------------------------------------
# Vivado v2020.2 (64-bit)
# SW Build 3064766 on Wed Nov 18 09:12:47 MST 2020
# IP Build 3064653 on Wed Nov 18 14:17:31 MST 2020
# Start of session at: Mon Nov  6 14:41:59 2023
# Process ID: 49390
# Current directory: /home/michael/MPSoC4Drones
# Command line: vivado ./hdl/projects/u96v2_sbc_mp4d_2020_2/u96v2_sbc_mp4d.xpr
# Log file: /home/michael/MPSoC4Drones/vivado.log
# Journal file: /home/michael/MPSoC4Drones/vivado.jou
#-----------------------------------------------------------
start_gui
open_project ./hdl/projects/u96v2_sbc_mp4d_2020_2/u96v2_sbc_mp4d.xpr
Scanning sources...
Finished scanning sources
INFO: [IP_Flow 19-234] Refreshing IP repositories
INFO: [IP_Flow 19-1700] Loaded user IP repository '/home/michael/MPSoC4Drones/ip'.
INFO: [IP_Flow 19-2313] Loaded Vivado IP repository '/tools/Xilinx/Vivado/2020.2/data/ip'.
open_project: Time (s): cpu = 00:00:16 ; elapsed = 00:00:08 . Memory (MB): peak = 7297.609 ; gain = 65.336 ; free physical = 9923 ; free virtual = 29657
INFO: [IP_Flow 19-3899] Cannot get the environment domain name variable for the component vendor name. Setting the vendor name to 'user.org'.
update_compile_order -fileset sources_1
export_ip_user_files -of_objects  [get_files /home/michael/MPSoC4Drones/src/ImageFilter.vhd] -no_script -reset -force -quiet
remove_files  /home/michael/MPSoC4Drones/src/ImageFilter.vhd
update_module_reference u96v2_sbc_mp4d_ImageFilter_0_0
ERROR: [filemgmt 56-189] Failed to resolve reference. Nothing was found in the project to match the name 'ImageFilter'.
ERROR: [Common 17-39] 'update_module_reference' failed due to earlier errors.
add_files -norecurse /home/michael/MPSoC4Drones/src/ImageFilter.vhd
open_bd_design {/home/michael/MPSoC4Drones/hdl/projects/u96v2_sbc_mp4d_2020_2/u96v2_sbc_mp4d.srcs/sources_1/bd/u96v2_sbc_mp4d/u96v2_sbc_mp4d.bd}
Reading block design file </home/michael/MPSoC4Drones/hdl/projects/u96v2_sbc_mp4d_2020_2/u96v2_sbc_mp4d.srcs/sources_1/bd/u96v2_sbc_mp4d/u96v2_sbc_mp4d.bd>...
Adding component instance block -- xilinx.com:ip:axi_bram_ctrl:4.1 - axi_bram_ctrl_0
Adding component instance block -- xilinx.com:ip:blk_mem_gen:8.4 - axi_bram_ctrl_0_bram
Adding component instance block -- xilinx.com:ip:axi_intc:4.1 - axi_intc_0
Adding component instance block -- xilinx.com:ip:smartconnect:1.0 - axi_smc
Adding component instance block -- xilinx.com:ip:proc_sys_reset:5.0 - rst_ps8_0_100M
Adding component instance block -- xilinx.com:ip:xlconcat:2.1 - xlconcat_0
Adding component instance block -- xilinx.com:ip:xlconstant:1.1 - xlconstant_0
Adding component instance block -- xilinx.com:ip:zynq_ultra_ps_e:3.3 - zynq_ultra_ps_e_0
Adding component instance block -- xilinx.com:ip:xlconstant:1.1 - xlconstant_1
Adding component instance block -- xilinx.com:module_ref:ImageFilter:1.0 - ImageFilter_0
Successfully read diagram <u96v2_sbc_mp4d> from block design file </home/michael/MPSoC4Drones/hdl/projects/u96v2_sbc_mp4d_2020_2/u96v2_sbc_mp4d.srcs/sources_1/bd/u96v2_sbc_mp4d/u96v2_sbc_mp4d.bd>
open_bd_design: Time (s): cpu = 00:00:17 ; elapsed = 00:00:07 . Memory (MB): peak = 8648.441 ; gain = 1156.746 ; free physical = 9736 ; free virtual = 29474
update_compile_order -fileset sources_1
create_bd_cell -type module -reference ImageFilter ImageFilter_1
delete_bd_objs [get_bd_cells ImageFilter_1]
delete_bd_objs [get_bd_nets ImageFilter_0_bram_address] [get_bd_nets ImageFilter_0_bram_data_in] [get_bd_nets axi_bram_ctrl_0_bram_doutb] [get_bd_nets ImageFilter_0_bram_wr_en] [get_bd_cells ImageFilter_0]
update_compile_order -fileset sources_1
create_bd_cell -type module -reference ImageFilter ImageFilter_0
connect_bd_net [get_bd_pins ImageFilter_0/bram_address] [get_bd_pins axi_bram_ctrl_0_bram/addrb]
WARNING: [BD 41-1306] The connection to interface pin </axi_bram_ctrl_0_bram/addrb> is being overridden by the user with net <ImageFilter_0_bram_address>. This pin will not be connected as a part of interface connection <BRAM_PORTB>.
connect_bd_net [get_bd_pins axi_bram_ctrl_0_bram/dinb] [get_bd_pins ImageFilter_0/bram_data_in]
WARNING: [BD 41-1306] The connection to interface pin </axi_bram_ctrl_0_bram/dinb> is being overridden by the user with net <ImageFilter_0_bram_data_in>. This pin will not be connected as a part of interface connection <BRAM_PORTB>.
connect_bd_net [get_bd_pins ImageFilter_0/bram_wr_en] [get_bd_pins axi_bram_ctrl_0_bram/web]
WARNING: [BD 41-1306] The connection to interface pin </axi_bram_ctrl_0_bram/web> is being overridden by the user with net <ImageFilter_0_bram_wr_en>. This pin will not be connected as a part of interface connection <BRAM_PORTB>.
connect_bd_net [get_bd_pins axi_bram_ctrl_0_bram/doutb] [get_bd_pins ImageFilter_0/bram_data_out]
WARNING: [BD 41-1306] The connection to interface pin </axi_bram_ctrl_0_bram/doutb> is being overridden by the user with net <axi_bram_ctrl_0_bram_doutb>. This pin will not be connected as a part of interface connection <BRAM_PORTB>.
connect_bd_net [get_bd_pins ImageFilter_0/rst_n] [get_bd_pins rst_ps8_0_100M/peripheral_aresetn]
connect_bd_net [get_bd_pins ImageFilter_0/clk] [get_bd_pins zynq_ultra_ps_e_0/pl_clk0]
regenerate_bd_layout
save_bd_design
Wrote  : </home/michael/MPSoC4Drones/hdl/projects/u96v2_sbc_mp4d_2020_2/u96v2_sbc_mp4d.srcs/sources_1/bd/u96v2_sbc_mp4d/u96v2_sbc_mp4d.bd> 
Wrote  : </home/michael/MPSoC4Drones/hdl/projects/u96v2_sbc_mp4d_2020_2/u96v2_sbc_mp4d.srcs/sources_1/bd/u96v2_sbc_mp4d/ui/bd_9932bf8f.ui> 
update_compile_order -fileset sources_1
exit
INFO: [Common 17-206] Exiting Vivado at Mon Nov  6 14:49:09 2023...
