#-----------------------------------------------------------
# Vivado v2020.2 (64-bit)
# SW Build 3064766 on Wed Nov 18 09:12:47 MST 2020
# IP Build 3064653 on Wed Nov 18 14:17:31 MST 2020
# Start of session at: Mon Nov  6 12:01:59 2023
# Process ID: 2397
# Current directory: /home/michael/MPSoC4Drones
# Command line: vivado ./hdl/projects/u96v2_sbc_mp4d_2020_2/u96v2_sbc_mp4d.xpr
# Log file: /home/michael/MPSoC4Drones/vivado.log
# Journal file: /home/michael/MPSoC4Drones/vivado.jou
#-----------------------------------------------------------
start_gui
open_project ./hdl/projects/u96v2_sbc_mp4d_2020_2/u96v2_sbc_mp4d.xpr
CRITICAL WARNING: [Project 1-19] Could not find the file '/home/michael/MPSoC4Drones/hdl/projects/u96v2_sbc_mp4d_2020_2/u96v2_sbc_mp4d.srcs/sources_1/imports/Downloads/ImageFilter.vhd'.
Scanning sources...
Finished scanning sources
INFO: [IP_Flow 19-234] Refreshing IP repositories
INFO: [IP_Flow 19-1700] Loaded user IP repository '/home/michael/MPSoC4Drones/ip'.
INFO: [IP_Flow 19-2313] Loaded Vivado IP repository '/tools/Xilinx/Vivado/2020.2/data/ip'.
INFO: [IP_Flow 19-3899] Cannot get the environment domain name variable for the component vendor name. Setting the vendor name to 'user.org'.
open_project: Time (s): cpu = 00:00:41 ; elapsed = 00:00:56 . Memory (MB): peak = 7196.430 ; gain = 59.328 ; free physical = 11112 ; free virtual = 29861
update_compile_order -fileset sources_1
add_files -norecurse /home/michael/MPSoC4Drones/src/ImageFilter.vhd
update_compile_order -fileset sources_1
export_ip_user_files -of_objects  [get_files /home/michael/MPSoC4Drones/hdl/projects/u96v2_sbc_mp4d_2020_2/u96v2_sbc_mp4d.srcs/sources_1/imports/Downloads/ImageFilter.vhd] -no_script -reset -force -quiet
remove_files  /home/michael/MPSoC4Drones/hdl/projects/u96v2_sbc_mp4d_2020_2/u96v2_sbc_mp4d.srcs/sources_1/imports/Downloads/ImageFilter.vhd
update_module_reference u96v2_sbc_mp4d_ImageFilter_0_0
INFO: [IP_Flow 19-5107] Inferred bus interface 'rst_n' of definition 'xilinx.com:signal:reset:1.0' (from Xilinx Repository).
INFO: [IP_Flow 19-5107] Inferred bus interface 'clk' of definition 'xilinx.com:signal:clock:1.0' (from Xilinx Repository).
INFO: [IP_Flow 19-4728] Bus Interface 'rst_n': Added interface parameter 'POLARITY' with value 'ACTIVE_LOW'.
WARNING: [IP_Flow 19-3157] Bus Interface 'rst_n': Bus parameter POLARITY is ACTIVE_LOW but port 'rst_n' is not *resetn - please double check the POLARITY setting.
WARNING: [IP_Flow 19-5661] Bus Interface 'clk' does not have any bus interfaces associated with it.
INFO: [IP_Flow 19-234] Refreshing IP repositories
INFO: [IP_Flow 19-1700] Loaded user IP repository '/home/michael/MPSoC4Drones/ip'.
Reading block design file </home/michael/MPSoC4Drones/hdl/projects/u96v2_sbc_mp4d_2020_2/u96v2_sbc_mp4d.srcs/sources_1/bd/u96v2_sbc_mp4d/u96v2_sbc_mp4d.bd>...
Adding component instance block -- xilinx.com:ip:axi_bram_ctrl:4.1 - axi_bram_ctrl_0
Adding component instance block -- xilinx.com:ip:blk_mem_gen:8.4 - axi_bram_ctrl_0_bram
Adding component instance block -- xilinx.com:ip:axi_intc:4.1 - axi_intc_0
Adding component instance block -- xilinx.com:ip:smartconnect:1.0 - axi_smc
Adding component instance block -- xilinx.com:ip:proc_sys_reset:5.0 - rst_ps8_0_100M
Adding component instance block -- xilinx.com:ip:xlconcat:2.1 - xlconcat_0
Adding component instance block -- xilinx.com:ip:xlconstant:1.1 - xlconstant_0
Adding component instance block -- xilinx.com:ip:zynq_ultra_ps_e:3.3 - zynq_ultra_ps_e_0
Adding component instance block -- xilinx.com:ip:xlconstant:1.1 - xlconstant_1
Adding component instance block -- xilinx.com:module_ref:ImageFilter:1.0 - ImageFilter_0
Successfully read diagram <u96v2_sbc_mp4d> from block design file </home/michael/MPSoC4Drones/hdl/projects/u96v2_sbc_mp4d_2020_2/u96v2_sbc_mp4d.srcs/sources_1/bd/u96v2_sbc_mp4d/u96v2_sbc_mp4d.bd>
Upgrading '/home/michael/MPSoC4Drones/hdl/projects/u96v2_sbc_mp4d_2020_2/u96v2_sbc_mp4d.srcs/sources_1/bd/u96v2_sbc_mp4d/u96v2_sbc_mp4d.bd'
INFO: [IP_Flow 19-1972] Upgraded u96v2_sbc_mp4d_ImageFilter_0_0 from ImageFilter_v1_0 1.0 to ImageFilter_v1_0 1.0
Wrote  : </home/michael/MPSoC4Drones/hdl/projects/u96v2_sbc_mp4d_2020_2/u96v2_sbc_mp4d.srcs/sources_1/bd/u96v2_sbc_mp4d/u96v2_sbc_mp4d.bd> 
Wrote  : </home/michael/MPSoC4Drones/hdl/projects/u96v2_sbc_mp4d_2020_2/u96v2_sbc_mp4d.srcs/sources_1/bd/u96v2_sbc_mp4d/ui/bd_9932bf8f.ui> 
upgrade_ip: Time (s): cpu = 00:00:22 ; elapsed = 00:00:26 . Memory (MB): peak = 8494.098 ; gain = 1083.566 ; free physical = 10838 ; free virtual = 29711
update_module_reference: Time (s): cpu = 00:00:26 ; elapsed = 00:00:28 . Memory (MB): peak = 8494.098 ; gain = 1115.590 ; free physical = 10838 ; free virtual = 29711
exit
INFO: [Common 17-206] Exiting Vivado at Mon Nov  6 12:08:23 2023...
