#-----------------------------------------------------------
# Vivado v2020.2 (64-bit)
# SW Build 3064766 on Wed Nov 18 09:12:47 MST 2020
# IP Build 3064653 on Wed Nov 18 14:17:31 MST 2020
# Start of session at: Mon Nov  6 14:22:49 2023
# Process ID: 25894
# Current directory: /home/michael/MPSoC4Drones
# Command line: vivado ./hdl/projects/u96v2_sbc_mp4d_2020_2/u96v2_sbc_mp4d.xpr
# Log file: /home/michael/MPSoC4Drones/vivado.log
# Journal file: /home/michael/MPSoC4Drones/vivado.jou
#-----------------------------------------------------------
start_gui
open_project ./hdl/projects/u96v2_sbc_mp4d_2020_2/u96v2_sbc_mp4d.xpr
Scanning sources...
Finished scanning sources
INFO: [IP_Flow 19-234] Refreshing IP repositories
INFO: [IP_Flow 19-1700] Loaded user IP repository '/home/michael/MPSoC4Drones/ip'.
INFO: [IP_Flow 19-2313] Loaded Vivado IP repository '/tools/Xilinx/Vivado/2020.2/data/ip'.
INFO: [IP_Flow 19-3899] Cannot get the environment domain name variable for the component vendor name. Setting the vendor name to 'user.org'.
open_project: Time (s): cpu = 00:00:32 ; elapsed = 00:00:16 . Memory (MB): peak = 7294.535 ; gain = 59.328 ; free physical = 10123 ; free virtual = 29746
update_compile_order -fileset sources_1
open_bd_design {/home/michael/MPSoC4Drones/hdl/projects/u96v2_sbc_mp4d_2020_2/u96v2_sbc_mp4d.srcs/sources_1/bd/u96v2_sbc_mp4d/u96v2_sbc_mp4d.bd}
Reading block design file </home/michael/MPSoC4Drones/hdl/projects/u96v2_sbc_mp4d_2020_2/u96v2_sbc_mp4d.srcs/sources_1/bd/u96v2_sbc_mp4d/u96v2_sbc_mp4d.bd>...
Adding component instance block -- xilinx.com:ip:axi_bram_ctrl:4.1 - axi_bram_ctrl_0
Adding component instance block -- xilinx.com:ip:blk_mem_gen:8.4 - axi_bram_ctrl_0_bram
Adding component instance block -- xilinx.com:ip:axi_intc:4.1 - axi_intc_0
Adding component instance block -- xilinx.com:ip:smartconnect:1.0 - axi_smc
Adding component instance block -- xilinx.com:ip:proc_sys_reset:5.0 - rst_ps8_0_100M
Adding component instance block -- xilinx.com:ip:xlconcat:2.1 - xlconcat_0
Adding component instance block -- xilinx.com:ip:xlconstant:1.1 - xlconstant_0
Adding component instance block -- xilinx.com:ip:zynq_ultra_ps_e:3.3 - zynq_ultra_ps_e_0
Adding component instance block -- xilinx.com:ip:xlconstant:1.1 - xlconstant_1
Adding component instance block -- xilinx.com:module_ref:ImageFilter:1.0 - ImageFilter_0
Successfully read diagram <u96v2_sbc_mp4d> from block design file </home/michael/MPSoC4Drones/hdl/projects/u96v2_sbc_mp4d_2020_2/u96v2_sbc_mp4d.srcs/sources_1/bd/u96v2_sbc_mp4d/u96v2_sbc_mp4d.bd>
open_bd_design: Time (s): cpu = 00:00:20 ; elapsed = 00:00:16 . Memory (MB): peak = 7503.074 ; gain = 61.473 ; free physical = 9934 ; free virtual = 29624
exit
INFO: [Common 17-206] Exiting Vivado at Mon Nov  6 14:29:12 2023...
